1519672342214	geckodriver	INFO	Listening on 127.0.0.1:59517
1519672343967	geckodriver::marionette	INFO	Starting browser /Applications/Firefox.app/Contents/MacOS/firefox-bin with args ["-marionette"]
1519672345002	Marionette	INFO	Enabled via --marionette
2018-02-26 11:12:26.390 plugin-container[8161:705065] *** CFMessagePort: bootstrap_register(): failed 1100 (0x44c) 'Permission denied', port = 0x7303, name = 'com.apple.tsm.portname'
See /usr/include/servers/bootstrap_defs.h for the error codes.
1519672346972	Marionette	INFO	Listening on port 59527
1519672347381	Marionette	WARN	TLS certificate errors will be ignored for this session
2018-02-26 11:12:27.542 plugin-container[8162:705203] *** CFMessagePort: bootstrap_register(): failed 1100 (0x44c) 'Permission denied', port = 0x7503, name = 'com.apple.tsm.portname'
See /usr/include/servers/bootstrap_defs.h for the error codes.
1519672448498	geckodriver	INFO	Listening on 127.0.0.1:59811
1519672455039	geckodriver::marionette	INFO	Starting browser /Applications/Firefox.app/Contents/MacOS/firefox-bin with args ["-marionette"]
1519672455700	Marionette	INFO	Enabled via --marionette
2018-02-26 11:14:16.966 plugin-container[8183:708267] *** CFMessagePort: bootstrap_register(): failed 1100 (0x44c) 'Permission denied', port = 0x8603, name = 'com.apple.tsm.portname'
See /usr/include/servers/bootstrap_defs.h for the error codes.
1519672457375	Marionette	INFO	Listening on port 59833
2018-02-26 11:14:17.829 plugin-container[8184:708393] *** CFMessagePort: bootstrap_register(): failed 1100 (0x44c) 'Permission denied', port = 0x7f3f, name = 'com.apple.tsm.portname'
See /usr/include/servers/bootstrap_defs.h for the error codes.
1519672458452	Marionette	WARN	TLS certificate errors will be ignored for this session
*** UTM:SVC TimerManager:registerTimer called after profile-before-change notification. Ignoring timer registration for id: telemetry_modules_ping
1519672579851	geckodriver	INFO	Listening on 127.0.0.1:60187
1519672582377	geckodriver::marionette	INFO	Starting browser /Applications/Firefox.app/Contents/MacOS/firefox-bin with args ["-marionette"]
1519672583034	Marionette	INFO	Enabled via --marionette
2018-02-26 11:16:24.266 plugin-container[8223:711070] *** CFMessagePort: bootstrap_register(): failed 1100 (0x44c) 'Permission denied', port = 0x7f43, name = 'com.apple.tsm.portname'
See /usr/include/servers/bootstrap_defs.h for the error codes.
1519672584705	Marionette	INFO	Listening on port 60207
2018-02-26 11:16:25.221 plugin-container[8224:711154] *** CFMessagePort: bootstrap_register(): failed 1100 (0x44c) 'Permission denied', port = 0x7943, name = 'com.apple.tsm.portname'
See /usr/include/servers/bootstrap_defs.h for the error codes.
1519672585775	Marionette	WARN	TLS certificate errors will be ignored for this session
